Input file: inputs/basic_delete.txt
Printing inputs:
Operation 1
Values:
140524593 1821944313 -1818166024 -1749577561 1962313676 
Operation 1
Values:
1367837149 -1089316406 -1549658253 171885748 
Operation 1
Values:
183027057 347141843 
Operation 1
Values:
903804855 47851486 -76047754 1477130774 -1890996602 
Operation 1
Values:
-1258103200 -1085494376 1610744181 
Operation 1
Values:
-1830514818 599089828 -1567448763 
Operation 1
Values:
-2081260051 -824862302 1713103120 
Operation 1
Values:
-62012745 -1993291571 -153059519 1158167186 -780428447 1285211385 
Operation 1
Values:
1827540357 131751078 373774319 -679356323 -1826362752 
Operation 1
Values:
-1413693320 -1105744104 1572295145 -1876283666 
Success.
