Input file: inputs/basic_insert.txt
Printing inputs:
Operation 0
Values:
1 
Operation 0
Values:
2 
Operation 0
Values:
3 
Operation 0
Values:
4 
Operation 0
Values:
5 
Operation 0
Values:
6 
301
INSERTING 1
301
INSERTING 2
199
1, flag 0, marker -1

220
1, flag 0, marker -1

flagged_nodes size: 2 in calling function
234
246
2 flagged nodes
Setting flag of 2 to false
Setting flag of 1 to false
301
INSERTING 3
199
1, flag 0, marker -1
2, flag 0, marker -1

220
1, flag 0, marker -1
2, flag 0, marker -1

flagged_nodes size: 3 in calling function
234
246
254
265
3 flagged nodes
Setting flag of 3 to false
Setting flag of 2 to false
Setting flag of 1 to false
301
INSERTING 4
199
1, flag 0, marker 0
2, flag 0, marker -1
3, flag 0, marker -1

220
1, flag 0, marker 0
2, flag 0, marker -1
3, flag 0, marker -1

Failed to setup local area for insert
