Input file: inputs/bulk_insert.txt
Printing inputs:
Operation 0
Values:
1 2 3 4 5 6 7 8 9 10 
Operation 0
Values:
11 12 13 14 15 16 17 18 19 20 
Operation 0
Values:
21 22 23 24 25 26 27 28 29 30 
301
INSERTING 1
301
INSERTING 2
199
1, flag 0, marker -1

220
1, flag 0, marker -1

flagged_nodes size: 2 in calling function
234
246
2 flagged nodes
Setting flag of 2 to false
Setting flag of 1 to false
301
INSERTING 3
199
1, flag 0, marker -1
2, flag 0, marker -1

220
1, flag 0, marker -1
2, flag 0, marker -1

flagged_nodes size: 3 in calling function
234
246
254
265
3 flagged nodes
Setting flag of 3 to false
Setting flag of 2 to false
Setting flag of 1 to false
301
INSERTING 4
199
1, flag 0, marker 0
2, flag 0, marker -1
3, flag 0, marker -1

220
1, flag 0, marker 0
2, flag 0, marker -1
3, flag 0, marker -1

Failed to setup local area for insert
